----------------------------------------------------------------
Mon Mar 25 19:14:33 IST 2019:
Booting Derby version The Apache Software Foundation - Apache Derby - 10.10.1.3 - (1538131): instance a816c00e-0169-b518-76ec-0000002684c0 
on database directory D:\CCLMS\Import\workspace\workspace2\CCLMS\deploy\odmrepository\CCLMS with class loader sun.misc.Launcher$AppClassLoader@afc1347f 
Loaded from file:/C:/Program%20Files/IBM/ILOG/ODME39/Developer/ide/eclipse/dropins/oplide/plugins/ilog.odms.ide.odm_3.9.0.20160620-2152/derby.jar
java.vendor=IBM Corporation
java.runtime.version=pwa6470sr9fp40-20160422_01 (SR9 FP40)
java.fullversion=JRE 1.7.0 IBM J9 2.6 Windows 7 amd64-64 Compressed References 20160406_298397 (JIT enabled, AOT enabled)
J9VM - R26_Java726_SR9_20160406_0949_B298397
JIT  - tr.r11_20160328_114192
GC   - R26_Java726_SR9_20160406_0949_B298397_CMPRSS
J9CL - 20160406_298397
user.dir=D:\CCLMS\Import\workspace\workspace2\CCLMS_java
os.name=Windows 7
os.arch=amd64
os.version=6.1
derby.system.home=null
Database Class Loader started - derby.database.classpath=''
----------------------------------------------------------------
Mon Mar 25 19:18:58 IST 2019: Shutting down Derby engine
----------------------------------------------------------------
Mon Mar 25 19:19:00 IST 2019:
Shutting down instance a816c00e-0169-b518-76ec-0000002684c0 on database directory D:\CCLMS\Import\workspace\workspace2\CCLMS\deploy\odmrepository\CCLMS with class loader sun.misc.Launcher$AppClassLoader@afc1347f 
----------------------------------------------------------------
